<?xml version="1.0" encoding="UTF-8"?>
<!-- Generated by org.testng.reporters.JUnitReportReporter -->
<testsuite hostname="Bhartp-PC" failures="0" tests="1" name="jbl.logintest" time="0.056" errors="0" timestamp="2024-03-06T21:31:18 IST" skipped="0">
  <testcase classname="jbl.logintest" name="f" time="0.056"/>
  <system-out/>
</testsuite> <!-- jbl.logintest -->
